2021-11-27 17:21:35 INFO  .:69 - The execution of method loadFiles started here ...
2021-11-27 17:21:35 INFO  .:84 - The execution of method loadFiles ended here ...
2021-11-27 17:21:38 INFO  .:86 - The execution of method navigate started here ...
2021-11-27 17:21:43 INFO  .:98 - The execution of method navigate ended here ...
2021-11-27 17:21:43 INFO  .:166 - In Test Scenario Login the method navigate execution status is :Pass
2021-11-27 17:21:44 INFO  .:32 - The execution of method login started here ...
2021-11-27 17:21:49 INFO  .:50 - The execution of method login ended here ...
2021-11-27 17:21:49 INFO  .:166 - In Test Scenario Login the method login execution status is :Pass
2021-11-27 17:21:51 INFO  .:166 - In Test Scenario Login the method minimizeFlyOutWindow execution status is :Pass
2021-11-27 17:21:51 INFO  .:76 - The execution of method logout started here ...
2021-11-27 17:21:55 INFO  .:88 - The execution of method logout ended here ...
2021-11-27 17:21:55 INFO  .:166 - In Test Scenario Login the method logout execution status is :Pass
2021-11-27 17:21:56 INFO  .:121 - The execution of method closeApplication started here ...
2021-11-27 17:21:56 INFO  .:124 - The execution of method closeApplication ended here ...
2021-11-27 17:21:56 INFO  .:166 - In Test Scenario Login the method closeApplication execution status is :Pass
2021-11-27 17:21:56 INFO  .:180 - +++++++++++++++++++++++++++++++
2021-11-27 17:21:57 INFO  .:86 - The execution of method navigate started here ...
2021-11-27 17:22:04 INFO  .:98 - The execution of method navigate ended here ...
2021-11-27 17:22:04 INFO  .:166 - In Test Scenario CreateUser the method navigate execution status is :Pass
2021-11-27 17:22:04 INFO  .:32 - The execution of method login started here ...
2021-11-27 17:22:09 INFO  .:50 - The execution of method login ended here ...
2021-11-27 17:22:09 INFO  .:166 - In Test Scenario CreateUser the method login execution status is :Pass
2021-11-27 17:22:11 INFO  .:166 - In Test Scenario CreateUser the method minimizeFlyOutWindow execution status is :Pass
2021-11-27 17:22:11 INFO  .:32 - The execution of method createUser started here ...
2021-11-27 17:22:22 INFO  .:60 - The execution of method createUser ended here ...
2021-11-27 17:22:22 INFO  .:166 - In Test Scenario CreateUser the method createUser execution status is :Pass
2021-11-27 17:22:23 INFO  .:131 - The execution of method deleteUser started here ...
2021-11-27 17:22:32 INFO  .:147 - The execution of method deleteUser ended here ...
2021-11-27 17:22:32 INFO  .:166 - In Test Scenario CreateUser the method deleteUser execution status is :Pass
2021-11-27 17:22:32 INFO  .:76 - The execution of method logout started here ...
2021-11-27 17:22:36 INFO  .:88 - The execution of method logout ended here ...
2021-11-27 17:22:36 INFO  .:166 - In Test Scenario CreateUser the method logout execution status is :Pass
2021-11-27 17:22:36 INFO  .:121 - The execution of method closeApplication started here ...
2021-11-27 17:22:36 INFO  .:124 - The execution of method closeApplication ended here ...
2021-11-27 17:22:36 INFO  .:166 - In Test Scenario CreateUser the method closeApplication execution status is :Pass
2021-11-27 17:22:36 INFO  .:180 - +++++++++++++++++++++++++++++++
2021-11-27 17:22:37 INFO  .:86 - The execution of method navigate started here ...
2021-11-27 17:22:43 INFO  .:98 - The execution of method navigate ended here ...
2021-11-27 17:22:43 INFO  .:166 - In Test Scenario ModifyUser the method navigate execution status is :Pass
2021-11-27 17:22:43 INFO  .:32 - The execution of method login started here ...
2021-11-27 17:22:49 INFO  .:50 - The execution of method login ended here ...
2021-11-27 17:22:49 INFO  .:166 - In Test Scenario ModifyUser the method login execution status is :Pass
2021-11-27 17:22:51 INFO  .:166 - In Test Scenario ModifyUser the method minimizeFlyOutWindow execution status is :Pass
2021-11-27 17:22:51 INFO  .:32 - The execution of method createUser started here ...
2021-11-27 17:23:01 INFO  .:60 - The execution of method createUser ended here ...
2021-11-27 17:23:01 INFO  .:166 - In Test Scenario ModifyUser the method createUser execution status is :Pass
2021-11-27 17:23:01 INFO  .:86 - The execution of method modifyUser started here ...
2021-11-27 17:23:11 INFO  .:106 - The execution of method modifyUser ended here ...
2021-11-27 17:23:11 INFO  .:166 - In Test Scenario ModifyUser the method modifyUser execution status is :Fail
2021-11-27 17:23:11 INFO  .:131 - The execution of method deleteUser started here ...
2021-11-27 17:23:20 INFO  .:147 - The execution of method deleteUser ended here ...
2021-11-27 17:23:20 INFO  .:166 - In Test Scenario ModifyUser the method deleteUser execution status is :Pass
2021-11-27 17:23:21 INFO  .:76 - The execution of method logout started here ...
2021-11-27 17:23:25 INFO  .:88 - The execution of method logout ended here ...
2021-11-27 17:23:25 INFO  .:166 - In Test Scenario ModifyUser the method logout execution status is :Pass
2021-11-27 17:23:25 INFO  .:121 - The execution of method closeApplication started here ...
2021-11-27 17:23:25 INFO  .:124 - The execution of method closeApplication ended here ...
2021-11-27 17:23:25 INFO  .:166 - In Test Scenario ModifyUser the method closeApplication execution status is :Pass
2021-11-27 17:23:25 INFO  .:180 - +++++++++++++++++++++++++++++++
2021-11-27 17:23:25 INFO  .:180 - +++++++++++++++++++++++++++++++
2021-11-27 17:23:25 INFO  .:180 - +++++++++++++++++++++++++++++++
2021-11-27 17:23:25 INFO  .:180 - +++++++++++++++++++++++++++++++
2021-11-27 17:23:25 INFO  .:180 - +++++++++++++++++++++++++++++++
2021-11-27 17:23:25 INFO  .:183 - The execution of method executeTestScenarios ended here ...
2021-11-27 17:23:25 INFO  .:205 - The execution of method endAutomationSuite ended here ...
2021-11-27 17:23:25 INFO  .:208 - The execution of method endAutomationSuite ended here ...
2021-11-27 21:35:47 INFO  .:69 - The execution of method loadFiles started here ...
2021-11-27 21:35:47 INFO  .:84 - The execution of method loadFiles ended here ...
2021-11-27 21:35:53 INFO  .:86 - The execution of method navigate started here ...
2021-11-27 21:36:01 INFO  .:98 - The execution of method navigate ended here ...
2021-11-27 21:36:01 INFO  .:166 - In Test Scenario Login the method navigate execution status is :Pass
2021-11-27 21:36:01 INFO  .:32 - The execution of method login started here ...
2021-11-27 21:36:07 INFO  .:50 - The execution of method login ended here ...
2021-11-27 21:36:07 INFO  .:166 - In Test Scenario Login the method login execution status is :Pass
2021-11-27 21:36:09 INFO  .:166 - In Test Scenario Login the method minimizeFlyOutWindow execution status is :Pass
2021-11-27 21:36:09 INFO  .:76 - The execution of method logout started here ...
2021-11-27 21:36:14 INFO  .:88 - The execution of method logout ended here ...
2021-11-27 21:36:14 INFO  .:166 - In Test Scenario Login the method logout execution status is :Pass
2021-11-27 21:36:14 INFO  .:121 - The execution of method closeApplication started here ...
2021-11-27 21:36:14 INFO  .:124 - The execution of method closeApplication ended here ...
2021-11-27 21:36:14 INFO  .:166 - In Test Scenario Login the method closeApplication execution status is :Pass
2021-11-27 21:36:14 INFO  .:180 - +++++++++++++++++++++++++++++++
2021-11-27 21:36:16 INFO  .:86 - The execution of method navigate started here ...
2021-11-27 21:36:23 INFO  .:98 - The execution of method navigate ended here ...
2021-11-27 21:36:23 INFO  .:166 - In Test Scenario CreateUser the method navigate execution status is :Pass
2021-11-27 21:36:23 INFO  .:32 - The execution of method login started here ...
2021-11-27 21:36:28 INFO  .:50 - The execution of method login ended here ...
2021-11-27 21:36:28 INFO  .:166 - In Test Scenario CreateUser the method login execution status is :Pass
2021-11-27 21:36:30 INFO  .:166 - In Test Scenario CreateUser the method minimizeFlyOutWindow execution status is :Pass
2021-11-27 21:36:30 INFO  .:32 - The execution of method createUser started here ...
2021-11-27 21:36:42 INFO  .:60 - The execution of method createUser ended here ...
2021-11-27 21:36:42 INFO  .:166 - In Test Scenario CreateUser the method createUser execution status is :Pass
2021-11-27 21:36:42 INFO  .:131 - The execution of method deleteUser started here ...
2021-11-27 21:36:51 INFO  .:147 - The execution of method deleteUser ended here ...
2021-11-27 21:36:51 INFO  .:166 - In Test Scenario CreateUser the method deleteUser execution status is :Pass
2021-11-27 21:36:51 INFO  .:76 - The execution of method logout started here ...
2021-11-27 21:36:56 INFO  .:88 - The execution of method logout ended here ...
2021-11-27 21:36:56 INFO  .:166 - In Test Scenario CreateUser the method logout execution status is :Pass
2021-11-27 21:36:56 INFO  .:121 - The execution of method closeApplication started here ...
2021-11-27 21:36:56 INFO  .:124 - The execution of method closeApplication ended here ...
2021-11-27 21:36:56 INFO  .:166 - In Test Scenario CreateUser the method closeApplication execution status is :Pass
2021-11-27 21:36:56 INFO  .:180 - +++++++++++++++++++++++++++++++
2021-11-27 21:36:58 INFO  .:86 - The execution of method navigate started here ...
2021-11-27 21:37:04 INFO  .:98 - The execution of method navigate ended here ...
2021-11-27 21:37:04 INFO  .:166 - In Test Scenario ModifyUser the method navigate execution status is :Pass
2021-11-27 21:37:04 INFO  .:32 - The execution of method login started here ...
2021-11-27 21:37:10 INFO  .:50 - The execution of method login ended here ...
2021-11-27 21:37:10 INFO  .:166 - In Test Scenario ModifyUser the method login execution status is :Pass
2021-11-27 21:37:12 INFO  .:166 - In Test Scenario ModifyUser the method minimizeFlyOutWindow execution status is :Pass
2021-11-27 21:37:12 INFO  .:32 - The execution of method createUser started here ...
2021-11-27 21:37:23 INFO  .:60 - The execution of method createUser ended here ...
2021-11-27 21:37:23 INFO  .:166 - In Test Scenario ModifyUser the method createUser execution status is :Pass
2021-11-27 21:37:23 INFO  .:86 - The execution of method modifyUser started here ...
2021-11-27 21:37:33 INFO  .:106 - The execution of method modifyUser ended here ...
2021-11-27 21:37:33 INFO  .:166 - In Test Scenario ModifyUser the method modifyUser execution status is :Fail
2021-11-27 21:37:33 INFO  .:131 - The execution of method deleteUser started here ...
2021-11-27 21:37:43 INFO  .:147 - The execution of method deleteUser ended here ...
2021-11-27 21:37:43 INFO  .:166 - In Test Scenario ModifyUser the method deleteUser execution status is :Pass
2021-11-27 21:37:43 INFO  .:76 - The execution of method logout started here ...
2021-11-27 21:37:47 INFO  .:88 - The execution of method logout ended here ...
2021-11-27 21:37:47 INFO  .:166 - In Test Scenario ModifyUser the method logout execution status is :Pass
2021-11-27 21:37:47 INFO  .:121 - The execution of method closeApplication started here ...
2021-11-27 21:37:47 INFO  .:124 - The execution of method closeApplication ended here ...
2021-11-27 21:37:47 INFO  .:166 - In Test Scenario ModifyUser the method closeApplication execution status is :Pass
2021-11-27 21:37:47 INFO  .:180 - +++++++++++++++++++++++++++++++
2021-11-27 21:37:47 INFO  .:180 - +++++++++++++++++++++++++++++++
2021-11-27 21:37:47 INFO  .:180 - +++++++++++++++++++++++++++++++
2021-11-27 21:37:47 INFO  .:180 - +++++++++++++++++++++++++++++++
2021-11-27 21:37:48 INFO  .:180 - +++++++++++++++++++++++++++++++
2021-11-27 21:37:48 INFO  .:183 - The execution of method executeTestScenarios ended here ...
2021-11-27 21:37:48 INFO  .:205 - The execution of method endAutomationSuite ended here ...
2021-11-27 21:37:48 INFO  .:208 - The execution of method endAutomationSuite ended here ...
2021-11-27 22:24:48 INFO  .:69 - The execution of method loadFiles started here ...
2021-11-27 22:24:48 INFO  .:84 - The execution of method loadFiles ended here ...
2021-11-27 22:24:52 INFO  .:86 - The execution of method navigate started here ...
2021-11-27 22:24:59 INFO  .:98 - The execution of method navigate ended here ...
2021-11-27 22:24:59 INFO  .:167 - In Test Scenario Login the method navigate execution status is :Pass
2021-11-27 22:24:59 INFO  .:32 - The execution of method login started here ...
2021-11-27 22:25:05 INFO  .:50 - The execution of method login ended here ...
2021-11-27 22:25:05 INFO  .:167 - In Test Scenario Login the method login execution status is :Pass
2021-11-27 22:25:07 INFO  .:167 - In Test Scenario Login the method minimizeFlyOutWindow execution status is :Pass
2021-11-27 22:25:07 INFO  .:76 - The execution of method logout started here ...
2021-11-27 22:25:11 INFO  .:88 - The execution of method logout ended here ...
2021-11-27 22:25:11 INFO  .:167 - In Test Scenario Login the method logout execution status is :Pass
2021-11-27 22:25:12 INFO  .:121 - The execution of method closeApplication started here ...
2021-11-27 22:25:12 INFO  .:124 - The execution of method closeApplication ended here ...
2021-11-27 22:25:12 INFO  .:167 - In Test Scenario Login the method closeApplication execution status is :Pass
2021-11-27 22:25:12 INFO  .:181 - +++++++++++++++++++++++++++++++
2021-11-27 22:25:14 INFO  .:86 - The execution of method navigate started here ...
2021-11-27 22:25:20 INFO  .:98 - The execution of method navigate ended here ...
2021-11-27 22:25:20 INFO  .:167 - In Test Scenario CreateUser the method navigate execution status is :Pass
2021-11-27 22:25:20 INFO  .:32 - The execution of method login started here ...
2021-11-27 22:25:26 INFO  .:50 - The execution of method login ended here ...
2021-11-27 22:25:26 INFO  .:167 - In Test Scenario CreateUser the method login execution status is :Pass
2021-11-27 22:25:28 INFO  .:167 - In Test Scenario CreateUser the method minimizeFlyOutWindow execution status is :Pass
2021-11-27 22:25:28 INFO  .:32 - The execution of method createUser started here ...
2021-11-27 22:25:39 INFO  .:60 - The execution of method createUser ended here ...
2021-11-27 22:25:39 INFO  .:167 - In Test Scenario CreateUser the method createUser execution status is :Pass
2021-11-27 22:25:39 INFO  .:131 - The execution of method deleteUser started here ...
2021-11-27 22:25:48 INFO  .:147 - The execution of method deleteUser ended here ...
2021-11-27 22:25:48 INFO  .:167 - In Test Scenario CreateUser the method deleteUser execution status is :Pass
2021-11-27 22:25:49 INFO  .:76 - The execution of method logout started here ...
2021-11-27 22:25:53 INFO  .:88 - The execution of method logout ended here ...
2021-11-27 22:25:53 INFO  .:167 - In Test Scenario CreateUser the method logout execution status is :Pass
2021-11-27 22:25:53 INFO  .:121 - The execution of method closeApplication started here ...
2021-11-27 22:25:53 INFO  .:124 - The execution of method closeApplication ended here ...
2021-11-27 22:25:53 INFO  .:167 - In Test Scenario CreateUser the method closeApplication execution status is :Pass
2021-11-27 22:25:53 INFO  .:181 - +++++++++++++++++++++++++++++++
2021-11-27 22:25:55 INFO  .:86 - The execution of method navigate started here ...
2021-11-27 22:26:02 INFO  .:98 - The execution of method navigate ended here ...
2021-11-27 22:26:02 INFO  .:167 - In Test Scenario ModifyUser the method navigate execution status is :Pass
2021-11-27 22:26:02 INFO  .:32 - The execution of method login started here ...
2021-11-27 22:26:07 INFO  .:50 - The execution of method login ended here ...
2021-11-27 22:26:07 INFO  .:167 - In Test Scenario ModifyUser the method login execution status is :Pass
2021-11-27 22:26:09 INFO  .:167 - In Test Scenario ModifyUser the method minimizeFlyOutWindow execution status is :Pass
2021-11-27 22:26:09 INFO  .:32 - The execution of method createUser started here ...
2021-11-27 22:26:21 INFO  .:60 - The execution of method createUser ended here ...
2021-11-27 22:26:21 INFO  .:167 - In Test Scenario ModifyUser the method createUser execution status is :Pass
2021-11-27 22:26:21 INFO  .:86 - The execution of method modifyUser started here ...
2021-11-27 22:26:30 INFO  .:106 - The execution of method modifyUser ended here ...
2021-11-27 22:26:30 INFO  .:167 - In Test Scenario ModifyUser the method modifyUser execution status is :Fail
2021-11-27 22:26:30 INFO  .:131 - The execution of method deleteUser started here ...
2021-11-27 22:26:39 INFO  .:147 - The execution of method deleteUser ended here ...
2021-11-27 22:26:39 INFO  .:167 - In Test Scenario ModifyUser the method deleteUser execution status is :Pass
2021-11-27 22:26:40 INFO  .:76 - The execution of method logout started here ...
2021-11-27 22:26:44 INFO  .:88 - The execution of method logout ended here ...
2021-11-27 22:26:44 INFO  .:167 - In Test Scenario ModifyUser the method logout execution status is :Pass
2021-11-27 22:26:44 INFO  .:121 - The execution of method closeApplication started here ...
2021-11-27 22:26:44 INFO  .:124 - The execution of method closeApplication ended here ...
2021-11-27 22:26:44 INFO  .:167 - In Test Scenario ModifyUser the method closeApplication execution status is :Pass
2021-11-27 22:26:44 INFO  .:181 - +++++++++++++++++++++++++++++++
2021-11-27 22:26:44 INFO  .:181 - +++++++++++++++++++++++++++++++
2021-11-27 22:26:44 INFO  .:181 - +++++++++++++++++++++++++++++++
2021-11-27 22:26:44 INFO  .:181 - +++++++++++++++++++++++++++++++
2021-11-27 22:26:44 INFO  .:181 - +++++++++++++++++++++++++++++++
2021-11-27 22:26:44 INFO  .:184 - The execution of method executeTestScenarios ended here ...
2021-11-27 22:26:45 INFO  .:206 - The execution of method endAutomationSuite ended here ...
2021-11-27 22:26:45 INFO  .:209 - The execution of method endAutomationSuite ended here ...
