2021-11-16 14:37:38 INFO  .:35 - Assignment 1
2021-11-16 14:37:40 INFO  .:43 - The Actitime launched succesfully...
2021-11-16 14:37:41 INFO  .:60 - The Actitime Navigated succesfully...
2021-11-16 14:37:56 INFO  .:103 - Actitime login,create user scenario completed  succesfully...
2021-11-16 14:38:05 INFO  .:132 - Actitime Delete scenario completed  succesfully...
2021-11-16 14:38:07 INFO  .:153 - Actitime Logout happened  succesfully...
2021-11-16 14:38:07 INFO  .:171 - Browser closed succesfully...
2021-11-16 14:38:07 INFO  .:172 - ###############################################
2021-11-16 14:40:45 INFO  .:35 - Assignment 1
2021-11-16 14:40:47 INFO  .:43 - The Actitime launched succesfully...
2021-11-16 14:40:48 INFO  .:60 - The Actitime Navigated succesfully...
2021-11-16 14:41:04 INFO  .:103 - Actitime login,create user scenario completed  succesfully...
2021-11-16 14:41:12 INFO  .:132 - Actitime Delete scenario completed  succesfully...
2021-11-16 14:41:14 INFO  .:153 - Actitime Logout happened  succesfully...
2021-11-16 14:41:15 INFO  .:171 - Browser closed succesfully...
2021-11-16 14:41:15 INFO  .:172 - ###############################################
2021-11-16 14:41:15 INFO  .:28 - Assignment 2
2021-11-16 14:41:15 INFO  .:29 - The Actitime launched succesfully...
2021-11-16 14:41:16 INFO  .:37 - The actitme launch fuction ends here...
2021-11-16 14:41:16 INFO  .:50 - The Actitime Navigated succesfully...
2021-11-16 14:41:18 INFO  .:58 - The actitme Navigate fuction ends here...
2021-11-16 14:41:18 INFO  .:71 - The Actitime login scenario starts succesfully...
2021-11-16 14:41:38 INFO  .:110 - The Actitime login,create user scenario completed succesfully...
2021-11-16 14:41:38 INFO  .:124 - The Actitime delete user scenario succesfully...
2021-11-16 14:41:46 INFO  .:141 - The Actitime delete user scenario ended succesfully...
2021-11-16 14:41:46 INFO  .:155 - The Actitime log out scenario succesfully...
2021-11-16 14:41:48 INFO  .:163 - The Actitime log out scenario endes here...
2021-11-16 14:41:48 INFO  .:177 - The Actitime close applicationb  scenario starts here...
2021-11-16 14:41:49 INFO  .:184 - The Actitime close application  scenario ends here...
2021-11-16 14:41:49 INFO  .:185 - ############################################################
2021-11-16 14:41:49 INFO  .:26 - Assignment 3
2021-11-16 14:41:50 INFO  .:34 - The Actitime launched succesfully...
2021-11-16 14:41:51 INFO  .:54 - The Actitime Navigated succesfully...
2021-11-16 14:41:56 INFO  .:75 - The Actitime login happened  succesfully...
2021-11-16 14:41:58 INFO  .:95 - minimize window minimised  succesfully...
2021-11-16 14:42:10 INFO  .:125 - custamer created  succesfully...
2021-11-16 14:42:18 INFO  .:154 - custamer deleted  succesfully...
2021-11-16 14:42:20 INFO  .:173 - custamer deleted  succesfully...
2021-11-16 14:42:20 INFO  .:179 - loged out  succesfully...
2021-11-16 14:42:20 INFO  .:194 - Browser closed  succesfully...
2021-11-16 14:42:20 INFO  .:195 - ###################################################
2021-11-16 14:42:20 INFO  .:24 - Assignment 4
2021-11-16 14:42:21 INFO  .:32 - The Actitime launched succesfully...
2021-11-16 14:42:23 INFO  .:52 - The Actitime launched succesfully...
2021-11-16 14:42:27 INFO  .:74 - The Actitime login happened succesfully...
2021-11-16 14:42:29 INFO  .:94 - The Actitime minimize widnow minimised  succesfully...
2021-11-16 14:42:39 INFO  .:124 - Custamer Created succesfully...
2021-11-16 14:42:48 INFO  .:152 - Custamer Modified  succesfully...
2021-11-16 14:42:54 INFO  .:180 - Custamer Deleted  succesfully...
2021-11-16 14:42:56 INFO  .:199 - Loged Out from Actitime  succesfully...
2021-11-16 14:42:57 INFO  .:218 - Browser Closed succesfully...
2021-11-16 14:42:57 INFO  .:219 - #################################################
2021-11-16 14:42:57 INFO  .:25 - Assignment 5
2021-11-16 14:42:58 INFO  .:34 - The Actitime launched succesfully...
2021-11-16 14:43:00 INFO  .:53 - The Actitime Navigated  succesfully...
2021-11-16 14:43:04 INFO  .:74 - The Actitime login happened succesfully...
2021-11-16 14:43:06 INFO  .:93 - The Actitime minimize widnow minimised  succesfully...
2021-11-16 14:43:16 INFO  .:123 - Custamer Created  succesfully...
2021-11-16 14:43:29 INFO  .:158 - Project  Created  succesfully...
2021-11-16 14:43:37 INFO  .:187 - Project Deleted succesfully...
2021-11-16 14:43:43 INFO  .:215 - Custamer Deleted succesfully...
2021-11-16 14:43:46 INFO  .:235 - Loged out from ActiTime succesfully...
2021-11-16 14:43:46 INFO  .:254 - Browser Closed succesfully...
2021-11-16 14:43:46 INFO  .:255 - ########################################################
2021-11-16 14:43:46 INFO  .:25 - Assignment 6
2021-11-16 14:43:47 INFO  .:34 - The Actitime launched succesfully...
2021-11-16 14:43:49 INFO  .:53 - The Actitime Navigated  succesfully...
2021-11-16 14:43:53 INFO  .:74 - The Actitime Login Hapenned succesfully...
2021-11-16 14:43:55 INFO  .:93 - The Actitime minimize widnow minimised  succesfully...
2021-11-16 14:44:05 INFO  .:122 - Custamer Created  succesfully...
2021-11-16 14:44:18 INFO  .:156 - Project  Created  succesfully...
2021-11-16 14:44:28 INFO  .:187 - Project Modified succesfully...
2021-11-16 14:44:37 INFO  .:215 - Project Deleted succesfully...
2021-11-16 14:44:43 INFO  .:243 - Custamer Deleted  succesfully...
2021-11-16 14:44:45 INFO  .:262 - Loged Out from ActTime succesfully...
2021-11-16 14:44:46 INFO  .:281 - Browser Closed succesfully...
2021-11-16 14:44:46 INFO  .:282 - #############################################################
2021-11-16 14:44:46 INFO  .:24 - Assignment 7
2021-11-16 14:44:46 INFO  .:33 - The Actitime launched succesfully...
2021-11-16 14:44:48 INFO  .:52 - The Actitime Navigated  succesfully...
2021-11-16 14:44:52 INFO  .:73 - The Actitime Login Hapenned succesfully...
2021-11-16 14:44:54 INFO  .:92 - The Actitime minimize widnow minimised  succesfully...
2021-11-16 14:45:04 INFO  .:121 - Custamer Created  succesfully...
2021-11-16 14:45:17 INFO  .:155 - Project  Created  succesfully...
2021-11-16 14:45:30 INFO  .:190 - Task Created succesfully...
2021-11-16 14:45:43 INFO  .:225 - Task Deleted succesfully...
2021-11-16 14:45:51 INFO  .:254 - Project Deleted succesfully...
2021-11-16 14:45:58 INFO  .:282 - Custamer Deleted succesfully...
2021-11-16 14:46:00 INFO  .:302 - Loged Out from ActTime succesfully...
2021-11-16 14:46:00 INFO  .:321 - Browser Closed succesfully...
2021-11-16 14:46:00 INFO  .:322 - #################################################
2021-11-16 15:03:04 INFO  .:37 - Assignment 1
2021-11-16 15:03:07 INFO  .:45 - The Actitime launched succesfully...
2021-11-16 15:03:08 INFO  .:62 - The Actitime Navigated succesfully...
2021-11-16 15:03:11 INFO  .:173 - Browser closed succesfully...
2021-11-16 15:03:11 INFO  .:174 - ###############################################
2021-11-16 15:10:48 INFO  .:37 - Assignment 1
2021-11-16 15:10:51 INFO  .:45 - The Actitime launched succesfully...
2021-11-16 15:10:52 INFO  .:62 - The Actitime Navigated succesfully...
2021-11-16 15:11:07 INFO  .:105 - Actitime login,create user scenario completed  succesfully...
2021-11-16 15:11:15 INFO  .:134 - Actitime Delete scenario completed  succesfully...
2021-11-16 15:11:17 INFO  .:155 - Actitime Logout happened  succesfully...
2021-11-16 15:11:18 INFO  .:173 - Browser closed succesfully...
2021-11-16 15:11:18 INFO  .:174 - ###############################################
2021-11-16 15:31:07 INFO  .:37 - Assignment 1
2021-11-16 15:31:09 INFO  .:45 - The Actitime launched succesfully...
2021-11-16 15:31:11 INFO  .:62 - The Actitime Navigated succesfully...
2021-11-16 15:31:27 INFO  .:105 - Actitime login,create user scenario completed  succesfully...
2021-11-16 15:31:35 INFO  .:134 - Actitime Delete scenario completed  succesfully...
2021-11-16 15:31:37 INFO  .:155 - Actitime Logout happened  succesfully...
2021-11-16 15:31:38 INFO  .:173 - Browser closed succesfully...
2021-11-16 15:31:38 INFO  .:174 - ###############################################
2021-11-16 15:41:51 INFO  .:29 - Assignment 2
2021-11-16 15:41:51 INFO  .:30 - The Actitime launched succesfully...
2021-11-16 15:41:53 INFO  .:38 - The actitme launch fuction ends here...
2021-11-16 15:41:53 INFO  .:51 - The Actitime Navigated succesfully...
2021-11-16 15:41:55 INFO  .:59 - The actitme Navigate fuction ends here...
2021-11-16 15:41:55 INFO  .:72 - The Actitime login scenario starts succesfully...
2021-11-16 15:42:16 INFO  .:111 - The Actitime login,create user scenario completed succesfully...
2021-11-16 15:42:16 INFO  .:125 - The Actitime delete user scenario succesfully...
2021-11-16 15:42:24 INFO  .:142 - The Actitime delete user scenario ended succesfully...
2021-11-16 15:42:24 INFO  .:156 - The Actitime log out scenario succesfully...
2021-11-16 15:42:26 INFO  .:164 - The Actitime log out scenario endes here...
2021-11-16 15:42:26 INFO  .:178 - The Actitime close applicationb  scenario starts here...
2021-11-16 15:42:27 INFO  .:185 - The Actitime close application  scenario ends here...
2021-11-16 15:42:27 INFO  .:186 - ############################################################
2021-11-16 17:05:14 INFO  .:28 - Assignment 3
2021-11-16 17:05:18 INFO  .:36 - The Actitime launched succesfully...
2021-11-16 17:05:20 INFO  .:56 - The Actitime Navigated succesfully...
2021-11-16 17:05:24 INFO  .:77 - The Actitime login happened  succesfully...
2021-11-16 17:05:26 INFO  .:97 - minimize window minimised  succesfully...
2021-11-16 17:05:38 INFO  .:127 - custamer created  succesfully...
2021-11-16 17:05:46 INFO  .:156 - custamer deleted  succesfully...
2021-11-16 17:05:48 INFO  .:175 - custamer deleted  succesfully...
2021-11-16 17:05:48 INFO  .:181 - loged out  succesfully...
2021-11-16 17:05:49 INFO  .:196 - Browser closed  succesfully...
2021-11-16 17:05:49 INFO  .:197 - ###################################################
2021-11-16 22:04:57 INFO  .:25 - Assignment 4
2021-11-16 22:04:59 INFO  .:33 - The Actitime launched succesfully...
2021-11-16 22:05:01 INFO  .:53 - The Actitime launched succesfully...
2021-11-16 22:05:05 INFO  .:75 - The Actitime login happened succesfully...
2021-11-16 22:05:06 INFO  .:219 - Browser Closed succesfully...
2021-11-16 22:05:06 INFO  .:220 - #################################################
2021-11-16 22:06:09 INFO  .:25 - Assignment 4
2021-11-16 22:06:12 INFO  .:33 - The Actitime launched succesfully...
2021-11-16 22:06:13 INFO  .:53 - The Actitime launched succesfully...
2021-11-16 22:06:17 INFO  .:75 - The Actitime login happened succesfully...
2021-11-16 22:06:19 INFO  .:95 - The Actitime minimize widnow minimised  succesfully...
2021-11-16 22:06:29 INFO  .:125 - Custamer Created succesfully...
2021-11-16 22:06:38 INFO  .:153 - Custamer Modified  succesfully...
2021-11-16 22:06:44 INFO  .:181 - Custamer Deleted  succesfully...
2021-11-16 22:06:46 INFO  .:200 - Loged Out from Actitime  succesfully...
2021-11-16 22:06:47 INFO  .:219 - Browser Closed succesfully...
2021-11-16 22:06:47 INFO  .:220 - #################################################
2021-11-16 22:13:42 INFO  .:27 - Assignment 5
2021-11-16 22:13:45 INFO  .:36 - The Actitime launched succesfully...
2021-11-16 22:13:46 INFO  .:55 - The Actitime Navigated  succesfully...
2021-11-16 22:13:50 INFO  .:76 - The Actitime login happened succesfully...
2021-11-16 22:13:52 INFO  .:95 - The Actitime minimize widnow minimised  succesfully...
2021-11-16 22:14:03 INFO  .:125 - Custamer Created  succesfully...
2021-11-16 22:14:15 INFO  .:160 - Project  Created  succesfully...
2021-11-16 22:14:23 INFO  .:189 - Project Deleted succesfully...
2021-11-16 22:14:30 INFO  .:217 - Custamer Deleted succesfully...
2021-11-16 22:14:32 INFO  .:237 - Loged out from ActiTime succesfully...
2021-11-16 22:14:32 INFO  .:256 - Browser Closed succesfully...
2021-11-16 22:14:32 INFO  .:257 - ########################################################
2021-11-16 22:20:23 INFO  .:26 - Assignment 6
2021-11-16 22:20:25 INFO  .:35 - The Actitime launched succesfully...
2021-11-16 22:20:27 INFO  .:54 - The Actitime Navigated  succesfully...
2021-11-16 22:20:31 INFO  .:75 - The Actitime Login Hapenned succesfully...
2021-11-16 22:20:33 INFO  .:94 - The Actitime minimize widnow minimised  succesfully...
2021-11-16 22:20:43 INFO  .:123 - Custamer Created  succesfully...
2021-11-16 22:20:56 INFO  .:157 - Project  Created  succesfully...
2021-11-16 22:21:06 INFO  .:188 - Project Modified succesfully...
2021-11-16 22:21:15 INFO  .:216 - Project Deleted succesfully...
2021-11-16 22:21:21 INFO  .:244 - Custamer Deleted  succesfully...
2021-11-16 22:21:23 INFO  .:263 - Loged Out from ActTime succesfully...
2021-11-16 22:21:23 INFO  .:282 - Browser Closed succesfully...
2021-11-16 22:21:23 INFO  .:283 - #############################################################
2021-11-16 22:39:12 INFO  .:25 - Assignment 7
2021-11-16 22:39:15 INFO  .:34 - The Actitime launched succesfully...
2021-11-16 22:39:16 INFO  .:53 - The Actitime Navigated  succesfully...
2021-11-16 22:39:21 INFO  .:74 - The Actitime Login Hapenned succesfully...
2021-11-16 22:39:23 INFO  .:93 - The Actitime minimize widnow minimised  succesfully...
2021-11-16 22:39:33 INFO  .:122 - Custamer Created  succesfully...
2021-11-16 22:39:45 INFO  .:156 - Project  Created  succesfully...
2021-11-16 22:39:58 INFO  .:191 - Task Created succesfully...
2021-11-16 22:40:11 INFO  .:226 - Task Deleted succesfully...
2021-11-16 22:40:20 INFO  .:255 - Project Deleted succesfully...
2021-11-16 22:40:26 INFO  .:283 - Custamer Deleted succesfully...
2021-11-16 22:40:28 INFO  .:303 - Loged Out from ActTime succesfully...
2021-11-16 22:40:28 INFO  .:322 - Browser Closed succesfully...
2021-11-16 22:40:28 INFO  .:323 - #################################################
2021-11-17 14:26:24 INFO  .:37 - Assignment 1
2021-11-17 14:26:27 INFO  .:45 - The Actitime launched succesfully...
2021-11-17 14:26:29 INFO  .:62 - The Actitime Navigated succesfully...
2021-11-17 14:26:46 INFO  .:105 - Actitime login,create user scenario completed  succesfully...
2021-11-17 14:26:55 INFO  .:134 - Actitime Delete scenario completed  succesfully...
2021-11-17 14:26:57 INFO  .:155 - Actitime Logout happened  succesfully...
2021-11-17 14:26:57 INFO  .:173 - Browser closed succesfully...
2021-11-17 14:26:57 INFO  .:174 - ###############################################
2021-11-17 14:26:57 INFO  .:29 - Assignment 2
2021-11-17 14:26:57 INFO  .:30 - The Actitime launched succesfully...
2021-11-17 14:26:58 INFO  .:38 - The actitme launch fuction ends here...
2021-11-17 14:26:58 INFO  .:51 - The Actitime Navigated succesfully...
2021-11-17 14:27:00 INFO  .:59 - The actitme Navigate fuction ends here...
2021-11-17 14:27:00 INFO  .:72 - The Actitime login scenario starts succesfully...
2021-11-17 14:27:22 INFO  .:111 - The Actitime login,create user scenario completed succesfully...
2021-11-17 14:27:22 INFO  .:125 - The Actitime delete user scenario succesfully...
2021-11-17 14:27:30 INFO  .:142 - The Actitime delete user scenario ended succesfully...
2021-11-17 14:27:30 INFO  .:156 - The Actitime log out scenario succesfully...
2021-11-17 14:27:32 INFO  .:164 - The Actitime log out scenario endes here...
2021-11-17 14:27:32 INFO  .:178 - The Actitime close applicationb  scenario starts here...
2021-11-17 14:27:32 INFO  .:185 - The Actitime close application  scenario ends here...
2021-11-17 14:27:32 INFO  .:186 - ############################################################
2021-11-17 14:27:32 INFO  .:28 - Assignment 3
2021-11-17 14:27:34 INFO  .:36 - The Actitime launched succesfully...
2021-11-17 14:27:35 INFO  .:56 - The Actitime Navigated succesfully...
2021-11-17 14:27:39 INFO  .:77 - The Actitime login happened  succesfully...
2021-11-17 14:27:42 INFO  .:97 - minimize window minimised  succesfully...
2021-11-17 14:27:54 INFO  .:127 - custamer created  succesfully...
2021-11-17 14:28:01 INFO  .:156 - custamer deleted  succesfully...
2021-11-17 14:28:03 INFO  .:175 - custamer deleted  succesfully...
2021-11-17 14:28:03 INFO  .:181 - loged out  succesfully...
2021-11-17 14:28:03 INFO  .:196 - Browser closed  succesfully...
2021-11-17 14:28:03 INFO  .:197 - ###################################################
2021-11-17 14:28:03 INFO  .:25 - Assignment 4
2021-11-17 14:28:05 INFO  .:33 - The Actitime launched succesfully...
2021-11-17 14:28:06 INFO  .:53 - The Actitime launched succesfully...
2021-11-17 14:28:11 INFO  .:75 - The Actitime login happened succesfully...
2021-11-17 14:28:13 INFO  .:95 - The Actitime minimize widnow minimised  succesfully...
2021-11-17 14:28:23 INFO  .:125 - Custamer Created succesfully...
2021-11-17 14:28:31 INFO  .:153 - Custamer Modified  succesfully...
2021-11-17 14:28:37 INFO  .:181 - Custamer Deleted  succesfully...
2021-11-17 14:28:40 INFO  .:200 - Loged Out from Actitime  succesfully...
2021-11-17 14:28:40 INFO  .:219 - Browser Closed succesfully...
2021-11-17 14:28:40 INFO  .:220 - #################################################
2021-11-17 14:28:40 INFO  .:27 - Assignment 5
2021-11-17 14:28:41 INFO  .:36 - The Actitime launched succesfully...
2021-11-17 14:28:42 INFO  .:55 - The Actitime Navigated  succesfully...
2021-11-17 14:28:47 INFO  .:76 - The Actitime login happened succesfully...
2021-11-17 14:28:49 INFO  .:95 - The Actitime minimize widnow minimised  succesfully...
2021-11-17 14:28:59 INFO  .:125 - Custamer Created  succesfully...
2021-11-17 14:29:11 INFO  .:160 - Project  Created  succesfully...
2021-11-17 14:29:20 INFO  .:189 - Project Deleted succesfully...
2021-11-17 14:29:26 INFO  .:217 - Custamer Deleted succesfully...
2021-11-17 14:29:28 INFO  .:237 - Loged out from ActiTime succesfully...
2021-11-17 14:29:28 INFO  .:256 - Browser Closed succesfully...
2021-11-17 14:29:28 INFO  .:257 - ########################################################
2021-11-17 14:29:28 INFO  .:26 - Assignment 6
2021-11-17 14:29:29 INFO  .:35 - The Actitime launched succesfully...
2021-11-17 14:29:31 INFO  .:54 - The Actitime Navigated  succesfully...
2021-11-17 14:29:35 INFO  .:75 - The Actitime Login Hapenned succesfully...
2021-11-17 14:29:38 INFO  .:94 - The Actitime minimize widnow minimised  succesfully...
2021-11-17 14:29:48 INFO  .:123 - Custamer Created  succesfully...
2021-11-17 14:30:00 INFO  .:157 - Project  Created  succesfully...
2021-11-17 14:30:10 INFO  .:188 - Project Modified succesfully...
2021-11-17 14:30:19 INFO  .:216 - Project Deleted succesfully...
2021-11-17 14:30:25 INFO  .:244 - Custamer Deleted  succesfully...
2021-11-17 14:30:27 INFO  .:263 - Loged Out from ActTime succesfully...
2021-11-17 14:30:27 INFO  .:282 - Browser Closed succesfully...
2021-11-17 14:30:27 INFO  .:283 - #############################################################
2021-11-17 14:30:27 INFO  .:25 - Assignment 7
2021-11-17 14:30:28 INFO  .:34 - The Actitime launched succesfully...
2021-11-17 14:30:30 INFO  .:53 - The Actitime Navigated  succesfully...
2021-11-17 14:30:34 INFO  .:74 - The Actitime Login Hapenned succesfully...
2021-11-17 14:30:36 INFO  .:93 - The Actitime minimize widnow minimised  succesfully...
2021-11-17 14:30:47 INFO  .:122 - Custamer Created  succesfully...
2021-11-17 14:30:59 INFO  .:156 - Project  Created  succesfully...
2021-11-17 14:31:11 INFO  .:191 - Task Created succesfully...
2021-11-17 14:31:25 INFO  .:226 - Task Deleted succesfully...
2021-11-17 14:31:33 INFO  .:255 - Project Deleted succesfully...
2021-11-17 14:31:39 INFO  .:283 - Custamer Deleted succesfully...
2021-11-17 14:31:42 INFO  .:303 - Loged Out from ActTime succesfully...
2021-11-17 14:31:42 INFO  .:322 - Browser Closed succesfully...
2021-11-17 14:31:42 INFO  .:323 - #################################################
2021-11-17 18:52:10 INFO  .:37 - Assignment 1
2021-11-17 18:52:13 INFO  .:46 - The Actitime launched succesfully...
2021-11-17 18:52:16 INFO  .:63 - The Actitime Navigated succesfully...
2021-11-17 18:52:31 INFO  .:109 - Actitime login,create user scenario completed  succesfully...
2021-11-17 18:52:39 INFO  .:138 - Actitime Delete scenario completed  succesfully...
2021-11-17 18:52:41 INFO  .:159 - Actitime Logout happened  succesfully...
2021-11-17 18:52:42 INFO  .:177 - Browser closed succesfully...
2021-11-17 18:52:42 INFO  .:178 - ###############################################
2021-11-18 19:40:45 INFO  .:39 - Assignment 1
2021-11-18 19:40:55 INFO  .:48 - The Actitime launched succesfully...
2021-11-18 19:41:02 INFO  .:66 - The Actitime Navigated succesfully...
2021-11-18 19:41:25 INFO  .:113 - Actitime login,create user scenario completed  succesfully...
2021-11-18 19:41:34 INFO  .:141 - Actitime Delete scenario completed  succesfully...
2021-11-18 19:41:36 INFO  .:162 - Actitime Logout happened  succesfully...
2021-11-18 19:41:37 INFO  .:180 - Browser closed succesfully...
2021-11-18 19:41:37 INFO  .:181 - ###############################################
2021-11-18 19:46:15 INFO  .:39 - Assignment 1
2021-11-18 19:46:17 INFO  .:48 - The Actitime launched succesfully...
2021-11-18 19:46:19 INFO  .:66 - The Actitime Navigated succesfully...
2021-11-18 23:47:03 INFO  .:39 - Assignment 1
2021-11-18 23:47:08 INFO  .:48 - The Actitime launched succesfully...
2021-11-18 23:47:09 INFO  .:70 - The Actitime Navigated succesfully...
2021-11-18 23:47:25 INFO  .:120 - Actitime login,create user scenario completed  succesfully...
2021-11-18 23:47:33 INFO  .:148 - Actitime Delete scenario completed  succesfully...
2021-11-18 23:47:36 INFO  .:169 - Actitime Logout happened  succesfully...
2021-11-18 23:47:36 INFO  .:187 - Browser closed succesfully...
2021-11-18 23:47:36 INFO  .:188 - ###############################################
2021-11-18 23:54:40 INFO  .:39 - Assignment 1
2021-11-18 23:54:42 INFO  .:48 - The Actitime launched succesfully...
2021-11-18 23:54:44 INFO  .:70 - The Actitime Navigated succesfully...
2021-11-18 23:54:59 INFO  .:112 - Actitime login,create user scenario completed  succesfully...
2021-11-18 23:55:07 INFO  .:140 - Actitime Delete scenario completed  succesfully...
2021-11-18 23:55:09 INFO  .:161 - Actitime Logout happened  succesfully...
2021-11-18 23:55:10 INFO  .:179 - Browser closed succesfully...
2021-11-18 23:55:10 INFO  .:180 - ###############################################
2021-11-19 00:41:18 INFO  .:39 - Assignment 1
2021-11-19 00:41:21 INFO  .:46 - The Actitime launched succesfully...
2021-11-19 00:41:22 INFO  .:68 - The Actitime Navigated succesfully...
2021-11-19 00:41:27 INFO  .:167 - Actitime Logout happened  succesfully...
2021-11-19 00:41:27 INFO  .:185 - Browser closed succesfully...
2021-11-19 00:41:27 INFO  .:186 - ###############################################
2021-11-19 00:42:02 INFO  .:39 - Assignment 1
2021-11-19 00:42:04 INFO  .:46 - The Actitime launched succesfully...
2021-11-19 00:42:06 INFO  .:68 - The Actitime Navigated succesfully...
2021-11-19 00:42:11 INFO  .:167 - Actitime Logout happened  succesfully...
2021-11-19 00:42:11 INFO  .:185 - Browser closed succesfully...
2021-11-19 00:42:11 INFO  .:186 - ###############################################
2021-11-19 00:43:19 INFO  .:39 - Assignment 1
2021-11-19 00:43:21 INFO  .:46 - The Actitime launched succesfully...
2021-11-19 00:43:23 INFO  .:68 - The Actitime Navigated succesfully...
2021-11-19 00:43:38 INFO  .:121 - Actitime login,create user scenario completed  succesfully...
2021-11-19 00:43:46 INFO  .:149 - Actitime Delete scenario completed  succesfully...
2021-11-19 00:43:48 INFO  .:170 - Actitime Logout happened  succesfully...
2021-11-19 00:43:49 INFO  .:188 - Browser closed succesfully...
2021-11-19 00:43:49 INFO  .:189 - ###############################################
2021-11-19 13:16:51 INFO  .:39 - Assignment 1
2021-11-19 13:16:53 INFO  .:46 - The Actitime launched succesfully...
2021-11-19 13:16:55 INFO  .:68 - The Actitime Navigated succesfully...
2021-11-19 13:17:10 INFO  .:128 - Actitime login,create user scenario completed  succesfully...
2021-11-19 13:17:18 INFO  .:156 - Actitime Delete scenario completed  succesfully...
2021-11-19 13:17:21 INFO  .:177 - Actitime Logout happened  succesfully...
2021-11-19 13:17:21 INFO  .:195 - Browser closed succesfully...
2021-11-19 13:17:21 INFO  .:196 - ###############################################
2021-11-19 13:27:40 INFO  .:40 - Assignment 1
2021-11-19 13:27:42 INFO  .:47 - The Actitime launched succesfully...
2021-11-19 13:27:44 INFO  .:69 - The Actitime Navigated succesfully...
2021-11-19 13:27:59 INFO  .:135 - Actitime login,create user scenario completed  succesfully...
2021-11-19 13:28:07 INFO  .:163 - Actitime Delete scenario completed  succesfully...
2021-11-19 13:28:10 INFO  .:184 - Actitime Logout happened  succesfully...
2021-11-19 13:28:10 INFO  .:202 - Browser closed succesfully...
2021-11-19 13:28:10 INFO  .:203 - ###############################################
2021-11-19 13:30:53 INFO  .:40 - Assignment 1
2021-11-19 13:30:55 INFO  .:47 - The Actitime launched succesfully...
2021-11-19 13:30:56 INFO  .:69 - The Actitime Navigated succesfully...
2021-11-19 13:31:02 INFO  .:185 - Actitime Logout happened  succesfully...
2021-11-19 13:31:02 INFO  .:203 - Browser closed succesfully...
2021-11-19 13:31:02 INFO  .:204 - ###############################################
2021-11-19 13:33:05 INFO  .:40 - Assignment 1
2021-11-19 13:33:07 INFO  .:47 - The Actitime launched succesfully...
2021-11-19 13:33:09 INFO  .:69 - The Actitime Navigated succesfully...
2021-11-19 13:33:14 INFO  .:185 - Actitime Logout happened  succesfully...
2021-11-19 13:33:14 INFO  .:203 - Browser closed succesfully...
2021-11-19 13:33:14 INFO  .:204 - ###############################################
2021-11-19 13:35:45 INFO  .:40 - Assignment 1
2021-11-19 13:35:47 INFO  .:47 - The Actitime launched succesfully...
2021-11-19 13:35:49 INFO  .:69 - The Actitime Navigated succesfully...
2021-11-19 13:35:54 INFO  .:185 - Actitime Logout happened  succesfully...
2021-11-19 13:35:54 INFO  .:203 - Browser closed succesfully...
2021-11-19 13:35:54 INFO  .:204 - ###############################################
2021-11-19 13:44:11 INFO  .:40 - Assignment 1
2021-11-19 13:44:13 INFO  .:47 - The Actitime launched succesfully...
2021-11-19 13:44:15 INFO  .:69 - The Actitime Navigated succesfully...
2021-11-19 13:44:19 INFO  .:185 - Actitime Logout happened  succesfully...
2021-11-19 13:44:20 INFO  .:203 - Browser closed succesfully...
2021-11-19 13:44:20 INFO  .:204 - ###############################################
2021-11-19 13:47:08 INFO  .:40 - Assignment 1
2021-11-19 13:47:10 INFO  .:47 - The Actitime launched succesfully...
2021-11-19 13:47:11 INFO  .:69 - The Actitime Navigated succesfully...
2021-11-19 13:47:16 INFO  .:185 - Actitime Logout happened  succesfully...
2021-11-19 13:47:17 INFO  .:203 - Browser closed succesfully...
2021-11-19 13:47:17 INFO  .:204 - ###############################################
2021-11-19 13:58:19 INFO  .:40 - Assignment 1
2021-11-19 13:58:21 INFO  .:47 - The Actitime launched succesfully...
2021-11-19 13:58:23 INFO  .:69 - The Actitime Navigated succesfully...
2021-11-19 13:58:23 INFO  .:203 - Browser closed succesfully...
2021-11-19 13:58:23 INFO  .:204 - ###############################################
2021-11-19 14:01:21 INFO  .:40 - Assignment 1
2021-11-19 14:01:23 INFO  .:47 - The Actitime launched succesfully...
2021-11-19 14:01:25 INFO  .:69 - The Actitime Navigated succesfully...
2021-11-19 14:01:39 INFO  .:135 - Actitime login,create user scenario completed  succesfully...
2021-11-19 14:01:47 INFO  .:163 - Actitime Delete scenario completed  succesfully...
2021-11-19 14:01:49 INFO  .:184 - Actitime Logout happened  succesfully...
2021-11-19 14:01:49 INFO  .:202 - Browser closed succesfully...
2021-11-19 14:01:49 INFO  .:203 - ###############################################
2021-11-19 14:27:12 INFO  .:40 - Assignment 1
2021-11-19 14:27:14 INFO  .:47 - The Actitime launched succesfully...
2021-11-19 14:27:16 INFO  .:69 - The Actitime Navigated succesfully...
2021-11-19 14:27:28 INFO  .:230 - Browser closed succesfully...
2021-11-19 14:27:28 INFO  .:231 - ###############################################
2021-11-19 14:29:41 INFO  .:40 - Assignment 1
2021-11-19 14:29:43 INFO  .:47 - The Actitime launched succesfully...
2021-11-19 14:29:44 INFO  .:69 - The Actitime Navigated succesfully...
2021-11-19 14:29:57 INFO  .:230 - Browser closed succesfully...
2021-11-19 14:29:57 INFO  .:231 - ###############################################
2021-11-19 14:31:28 INFO  .:40 - Assignment 1
2021-11-19 14:31:30 INFO  .:47 - The Actitime launched succesfully...
2021-11-19 14:31:31 INFO  .:69 - The Actitime Navigated succesfully...
2021-11-19 14:33:58 INFO  .:40 - Assignment 1
2021-11-19 14:34:00 INFO  .:47 - The Actitime launched succesfully...
2021-11-19 14:34:02 INFO  .:69 - The Actitime Navigated succesfully...
2021-11-19 14:36:18 INFO  .:40 - Assignment 1
2021-11-19 14:36:21 INFO  .:47 - The Actitime launched succesfully...
2021-11-19 14:36:22 INFO  .:69 - The Actitime Navigated succesfully...
2021-11-19 14:41:11 INFO  .:40 - Assignment 1
2021-11-19 14:41:13 INFO  .:47 - The Actitime launched succesfully...
2021-11-19 14:41:15 INFO  .:69 - The Actitime Navigated succesfully...
2021-11-19 14:48:33 INFO  .:40 - Assignment 1
2021-11-19 14:48:35 INFO  .:47 - The Actitime launched succesfully...
2021-11-19 14:48:37 INFO  .:69 - The Actitime Navigated succesfully...
2021-11-19 14:48:49 INFO  .:227 - Browser closed succesfully...
2021-11-19 14:48:49 INFO  .:228 - ###############################################
2021-11-19 14:50:30 INFO  .:40 - Assignment 1
2021-11-19 14:50:33 INFO  .:47 - The Actitime launched succesfully...
2021-11-19 14:50:34 INFO  .:69 - The Actitime Navigated succesfully...
2021-11-19 14:50:49 INFO  .:173 - Actitime login,create user scenario completed  succesfully...
2021-11-19 14:50:57 INFO  .:197 - Actitime Delete scenario completed  succesfully...
2021-11-19 14:50:59 INFO  .:213 - Actitime Logout happened  succesfully...
2021-11-19 14:51:00 INFO  .:227 - Browser closed succesfully...
2021-11-19 14:51:00 INFO  .:228 - ###############################################
2021-11-19 14:53:49 INFO  .:40 - Assignment 1
2021-11-19 14:53:52 INFO  .:47 - The Actitime launched succesfully...
2021-11-19 14:53:53 INFO  .:69 - The Actitime Navigated succesfully...
2021-11-19 14:54:08 INFO  .:173 - Actitime login,create user scenario completed  succesfully...
2021-11-19 14:54:16 INFO  .:197 - Actitime Delete scenario completed  succesfully...
2021-11-19 14:54:18 INFO  .:213 - Actitime Logout happened  succesfully...
2021-11-19 14:54:19 INFO  .:227 - Browser closed succesfully...
2021-11-19 14:54:19 INFO  .:228 - ###############################################
2021-11-19 15:02:33 INFO  .:40 - Assignment 1
2021-11-19 15:02:35 INFO  .:47 - The Actitime launched succesfully...
2021-11-19 15:02:37 INFO  .:69 - The Actitime Navigated succesfully...
2021-11-19 15:02:53 INFO  .:225 - Actitime login,create user scenario completed  succesfully...
2021-11-19 15:03:01 INFO  .:249 - Actitime Delete scenario completed  succesfully...
2021-11-19 15:03:03 INFO  .:265 - Actitime Logout happened  succesfully...
2021-11-19 15:03:04 INFO  .:279 - Browser closed succesfully...
2021-11-19 15:03:04 INFO  .:280 - ###############################################
2021-11-19 15:32:31 INFO  .:40 - Assignment 1
2021-11-19 15:32:33 INFO  .:47 - The Actitime launched succesfully...
2021-11-19 15:32:35 INFO  .:69 - The Actitime Navigated succesfully...
2021-11-19 15:32:50 INFO  .:225 - Actitime login,create user scenario completed  succesfully...
2021-11-19 15:32:57 INFO  .:288 - Browser closed succesfully...
2021-11-19 15:32:57 INFO  .:289 - ###############################################
2021-11-19 15:41:47 INFO  .:40 - Assignment 1
2021-11-19 15:41:50 INFO  .:47 - The Actitime launched succesfully...
2021-11-19 15:41:51 INFO  .:69 - The Actitime Navigated succesfully...
2021-11-19 15:42:07 INFO  .:225 - Actitime login,create user scenario completed  succesfully...
2021-11-19 15:42:12 INFO  .:274 - Actitime Logout happened  succesfully...
2021-11-19 15:42:13 INFO  .:288 - Browser closed succesfully...
2021-11-19 15:42:13 INFO  .:289 - ###############################################
2021-11-19 15:43:15 INFO  .:40 - Assignment 1
2021-11-19 15:43:18 INFO  .:47 - The Actitime launched succesfully...
2021-11-19 15:43:19 INFO  .:69 - The Actitime Navigated succesfully...
2021-11-19 15:43:34 INFO  .:225 - Actitime login,create user scenario completed  succesfully...
2021-11-19 15:43:40 INFO  .:288 - Browser closed succesfully...
2021-11-19 15:43:40 INFO  .:289 - ###############################################
2021-11-19 15:45:28 INFO  .:40 - Assignment 1
2021-11-19 15:45:30 INFO  .:47 - The Actitime launched succesfully...
2021-11-19 15:45:31 INFO  .:69 - The Actitime Navigated succesfully...
2021-11-19 15:45:47 INFO  .:225 - Actitime login,create user scenario completed  succesfully...
2021-11-19 15:45:57 INFO  .:273 - Actitime Logout happened  succesfully...
2021-11-19 15:45:57 INFO  .:287 - Browser closed succesfully...
2021-11-19 15:45:57 INFO  .:288 - ###############################################
2021-11-19 15:50:11 INFO  .:40 - Assignment 1
2021-11-19 15:50:13 INFO  .:47 - The Actitime launched succesfully...
2021-11-19 15:50:14 INFO  .:69 - The Actitime Navigated succesfully...
2021-11-19 15:50:30 INFO  .:225 - Actitime login,create user scenario completed  succesfully...
2021-11-19 15:50:38 INFO  .:257 - Actitime Delete scenario completed  succesfully...
2021-11-19 15:50:40 INFO  .:273 - Actitime Logout happened  succesfully...
2021-11-19 15:50:40 INFO  .:287 - Browser closed succesfully...
2021-11-19 15:50:40 INFO  .:288 - ###############################################
